#
# There is insufficient memory for the Java Runtime Environment to continue.
# Native memory allocation (malloc) failed to allocate 1043216 bytes for Chunk::new
# Possible reasons:
#   The system is out of physical RAM or swap space
#   The process is running with CompressedOops enabled, and the Java Heap may be blocking the growth of the native heap
# Possible solutions:
#   Reduce memory load on the system
#   Increase physical memory or swap space
#   Check if swap backing store is full
#   Decrease Java heap size (-Xmx/-Xms)
#   Decrease number of Java threads
#   Decrease Java thread stack sizes (-Xss)
#   Set larger code cache with -XX:ReservedCodeCacheSize=
#   JVM is running with Unscaled Compressed Oops mode in which the Java heap is
#     placed in the first 4GB address space. The Java Heap base address is the
#     maximum limit for the native heap growth. Please use -XX:HeapBaseMinAddress
#     to set the Java Heap base and to place the Java Heap above 4GB virtual address.
# This output file may be truncated or incomplete.
#
#  Out of Memory Error (allocation.cpp:389), pid=11500, tid=0x0000000000000fdc
#
# JRE version: Java(TM) SE Runtime Environment (8.0_221-b11) (build 1.8.0_221-b11)
# Java VM: Java HotSpot(TM) 64-Bit Server VM (25.221-b11 mixed mode windows-amd64 compressed oops)
# Failed to write core dump. Minidumps are not enabled by default on client versions of Windows
#

---------------  T H R E A D  ---------------

Current thread (0x0000000017259000):  JavaThread "C2 CompilerThread1" daemon [_thread_in_native, id=4060, stack(0x0000000017b30000,0x0000000017c30000)]

Stack: [0x0000000017b30000,0x0000000017c30000]
[error occurred during error reporting (printing stack bounds), id 0xc0000005]

Native frames: (J=compiled Java code, j=interpreted, Vv=VM code, C=native code)


Current CompileTask:
C2:   8390 2565       4       java.net.URLClassLoader$1::run (5 bytes)


---------------  P R O C E S S  ---------------

Java Threads: ( => current thread )
  0x000000001930c800 JavaThread "Thread-3" [_thread_blocked, id=1828, stack(0x000000001d450000,0x000000001d550000)]
  0x0000000019fa8000 JavaThread "background-preinit" [_thread_in_Java, id=10352, stack(0x000000001a210000,0x000000001a310000)]
  0x00000000182fd800 JavaThread "surefire-forkedjvm-ping-30s" daemon [_thread_in_native, id=9660, stack(0x0000000019000000,0x0000000019100000)]
  0x000000001808b800 JavaThread "surefire-forkedjvm-command-thread" daemon [_thread_in_native, id=3364, stack(0x0000000018f00000,0x0000000019000000)]
  0x0000000017227000 JavaThread "Service Thread" daemon [_thread_blocked, id=3272, stack(0x0000000017d30000,0x0000000017e30000)]
  0x000000001725d800 JavaThread "C1 CompilerThread2" daemon [_thread_blocked, id=9260, stack(0x0000000017c30000,0x0000000017d30000)]
=>0x0000000017259000 JavaThread "C2 CompilerThread1" daemon [_thread_in_native, id=4060, stack(0x0000000017b30000,0x0000000017c30000)]
  0x00000000172ad800 JavaThread "C2 CompilerThread0" daemon [_thread_in_native, id=8388, stack(0x0000000017a30000,0x0000000017b30000)]
  0x000000001545d800 JavaThread "Attach Listener" daemon [_thread_blocked, id=1104, stack(0x00000000169f0000,0x0000000016af0000)]
  0x000000001545c000 JavaThread "Signal Dispatcher" daemon [_thread_blocked, id=2428, stack(0x00000000168f0000,0x00000000169f0000)]
  0x0000000002f5c000 JavaThread "Finalizer" daemon [_thread_blocked, id=8784, stack(0x00000000166f0000,0x00000000167f0000)]
  0x0000000002f53800 JavaThread "Reference Handler" daemon [_thread_blocked, id=9728, stack(0x00000000165f0000,0x00000000166f0000)]
  0x0000000002e62800 JavaThread "main" [_thread_in_native, id=8504, stack(0x0000000002c60000,0x0000000002d60000)]

Other Threads:
  0x0000000015427800 VMThread [stack: 0x00000000164f0000,0x00000000165f0000] [id=8496]
  0x0000000017265800 WatcherThread [stack: 0x0000000017e30000,0x0000000017f30000] [id=9600]

VM state:not at safepoint (normal execution)

VM Mutex/Monitor currently owned by a thread: None

heap address: 0x00000000c3200000, size: 974 MB, Compressed Oops mode: 32-bit
Narrow klass base: 0x0000000000000000, Narrow klass shift: 3
Compressed class space size: 1073741824 Address: 0x0000000100000000

Heap:
 PSYoungGen      total 207360K, used 33346K [0x00000000ebb80000, 0x00000000fd900000, 0x0000000100000000)
  eden space 201728K, 13% used [0x00000000ebb80000,0x00000000ed6955b8,0x00000000f8080000)
  from space 5632K, 99% used [0x00000000f8080000,0x00000000f85fb5b0,0x00000000f8600000)
  to   space 6144K, 0% used [0x00000000fd300000,0x00000000fd300000,0x00000000fd900000)
 ParOldGen       total 28672K, used 6113K [0x00000000c3200000, 0x00000000c4e00000, 0x00000000ebb80000)
  object space 28672K, 21% used [0x00000000c3200000,0x00000000c37f8568,0x00000000c4e00000)
 Metaspace       used 25760K, capacity 26400K, committed 26496K, reserved 1073152K
  class space    used 3008K, capacity 3151K, committed 3200K, reserved 1048576K

Card table byte_map: [0x0000000012320000,0x0000000012510000] byte_map_base: 0x0000000011d07000

Marking Bits: (ParMarkBitMap*) 0x000000006de55ce0
 Begin Bits: [0x0000000012a60000, 0x0000000013998000)
 End Bits:   [0x0000000013998000, 0x00000000148d0000)

Polling page: 0x0000000000dd0000

CodeCache: size=245760Kb used=8367Kb max_used=8374Kb free=237393Kb
 bounds [0x0000000002f60000, 0x00000000037a0000, 0x0000000011f60000]
 total_blobs=2634 nmethods=2249 adapters=297
 compilation: enabled

Compilation events (10 events):
Event: 8.072 Thread 0x000000001725d800 2564       1       java.lang.invoke.InnerClassLambdaMetafactory::access$400 (5 bytes)
Event: 8.072 Thread 0x000000001725d800 nmethod 2564 0x000000000330cbd0 code [0x000000000330cd20, 0x000000000330ce10]
Event: 8.073 Thread 0x0000000017259000 nmethod 2555 0x0000000003793450 code [0x0000000003793600, 0x0000000003794188]
Event: 8.074 Thread 0x0000000017259000 2565       4       java.net.URLClassLoader$1::run (5 bytes)
Event: 8.080 Thread 0x00000000172ad800 nmethod 2562 0x000000000344eb90 code [0x000000000344ed00, 0x000000000344f1d8]
Event: 8.081 Thread 0x00000000172ad800 2566   !   4       java.net.URLClassLoader$1::run (63 bytes)
Event: 8.183 Thread 0x000000001725d800 2570       3       java.lang.String::contains (20 bytes)
Event: 8.184 Thread 0x000000001725d800 nmethod 2570 0x0000000003792bd0 code [0x0000000003792d60, 0x00000000037931f8]
Event: 8.185 Thread 0x000000001725d800 2571       3       org.springframework.boot.autoconfigure.condition.ConditionMessage::$jacocoInit (52 bytes)
Event: 8.186 Thread 0x000000001725d800 nmethod 2571 0x00000000035b9990 code [0x00000000035b9b60, 0x00000000035ba3d8]

GC Heap History (10 events):
Event: 4.882 GC heap before
{Heap before GC invocations=8 (full 0):
 PSYoungGen      total 66560K, used 66227K [0x00000000ebb80000, 0x00000000f3e80000, 0x0000000100000000)
  eden space 62976K, 100% used [0x00000000ebb80000,0x00000000ef900000,0x00000000ef900000)
  from space 3584K, 90% used [0x00000000ef900000,0x00000000efc2cc38,0x00000000efc80000)
  to   space 4096K, 0% used [0x00000000f3a80000,0x00000000f3a80000,0x00000000f3e80000)
 ParOldGen       total 42496K, used 2111K [0x00000000c3200000, 0x00000000c5b80000, 0x00000000ebb80000)
  object space 42496K, 4% used [0x00000000c3200000,0x00000000c340fc40,0x00000000c5b80000)
 Metaspace       used 16075K, capacity 16386K, committed 16512K, reserved 1064960K
  class space    used 1803K, capacity 1891K, committed 1920K, reserved 1048576K
Event: 4.892 GC heap after
Heap after GC invocations=8 (full 0):
 PSYoungGen      total 130048K, used 3338K [0x00000000ebb80000, 0x00000000f3e80000, 0x0000000100000000)
  eden space 125952K, 0% used [0x00000000ebb80000,0x00000000ebb80000,0x00000000f3680000)
  from space 4096K, 81% used [0x00000000f3a80000,0x00000000f3dc2958,0x00000000f3e80000)
  to   space 4096K, 0% used [0x00000000f3680000,0x00000000f3680000,0x00000000f3a80000)
 ParOldGen       total 42496K, used 2572K [0x00000000c3200000, 0x00000000c5b80000, 0x00000000ebb80000)
  object space 42496K, 6% used [0x00000000c3200000,0x00000000c3483028,0x00000000c5b80000)
 Metaspace       used 16075K, capacity 16386K, committed 16512K, reserved 1064960K
  class space    used 1803K, capacity 1891K, committed 1920K, reserved 1048576K
}
Event: 6.445 GC heap before
{Heap before GC invocations=9 (full 0):
 PSYoungGen      total 130048K, used 129290K [0x00000000ebb80000, 0x00000000f3e80000, 0x0000000100000000)
  eden space 125952K, 100% used [0x00000000ebb80000,0x00000000f3680000,0x00000000f3680000)
  from space 4096K, 81% used [0x00000000f3a80000,0x00000000f3dc2958,0x00000000f3e80000)
  to   space 4096K, 0% used [0x00000000f3680000,0x00000000f3680000,0x00000000f3a80000)
 ParOldGen       total 42496K, used 2572K [0x00000000c3200000, 0x00000000c5b80000, 0x00000000ebb80000)
  object space 42496K, 6% used [0x00000000c3200000,0x00000000c3483028,0x00000000c5b80000)
 Metaspace       used 20023K, capacity 20548K, committed 20736K, reserved 1067008K
  class space    used 2402K, capacity 2547K, committed 2560K, reserved 1048576K
Event: 6.459 GC heap after
Heap after GC invocations=9 (full 0):
 PSYoungGen      total 130048K, used 4078K [0x00000000ebb80000, 0x00000000f8b80000, 0x0000000100000000)
  eden space 125952K, 0% used [0x00000000ebb80000,0x00000000ebb80000,0x00000000f3680000)
  from space 4096K, 99% used [0x00000000f3680000,0x00000000f3a7bb90,0x00000000f3a80000)
  to   space 5632K, 0% used [0x00000000f8600000,0x00000000f8600000,0x00000000f8b80000)
 ParOldGen       total 42496K, used 4519K [0x00000000c3200000, 0x00000000c5b80000, 0x00000000ebb80000)
  object space 42496K, 10% used [0x00000000c3200000,0x00000000c3669f40,0x00000000c5b80000)
 Metaspace       used 20023K, capacity 20548K, committed 20736K, reserved 1067008K
  class space    used 2402K, capacity 2547K, committed 2560K, reserved 1048576K
}
Event: 6.660 GC heap before
{Heap before GC invocations=10 (full 0):
 PSYoungGen      total 130048K, used 29544K [0x00000000ebb80000, 0x00000000f8b80000, 0x0000000100000000)
  eden space 125952K, 20% used [0x00000000ebb80000,0x00000000ed45e800,0x00000000f3680000)
  from space 4096K, 99% used [0x00000000f3680000,0x00000000f3a7bb90,0x00000000f3a80000)
  to   space 5632K, 0% used [0x00000000f8600000,0x00000000f8600000,0x00000000f8b80000)
 ParOldGen       total 42496K, used 4519K [0x00000000c3200000, 0x00000000c5b80000, 0x00000000ebb80000)
  object space 42496K, 10% used [0x00000000c3200000,0x00000000c3669f40,0x00000000c5b80000)
 Metaspace       used 20690K, capacity 21204K, committed 21296K, reserved 1069056K
  class space    used 2491K, capacity 2655K, committed 2688K, reserved 1048576K
Event: 6.668 GC heap after
Heap after GC invocations=10 (full 0):
 PSYoungGen      total 207360K, used 2134K [0x00000000ebb80000, 0x00000000f8b80000, 0x0000000100000000)
  eden space 201728K, 0% used [0x00000000ebb80000,0x00000000ebb80000,0x00000000f8080000)
  from space 5632K, 37% used [0x00000000f8600000,0x00000000f8815ab0,0x00000000f8b80000)
  to   space 5632K, 0% used [0x00000000f8080000,0x00000000f8080000,0x00000000f8600000)
 ParOldGen       total 42496K, used 5764K [0x00000000c3200000, 0x00000000c5b80000, 0x00000000ebb80000)
  object space 42496K, 13% used [0x00000000c3200000,0x00000000c37a1120,0x00000000c5b80000)
 Metaspace       used 20690K, capacity 21204K, committed 21296K, reserved 1069056K
  class space    used 2491K, capacity 2655K, committed 2688K, reserved 1048576K
}
Event: 6.668 GC heap before
{Heap before GC invocations=11 (full 1):
 PSYoungGen      total 207360K, used 2134K [0x00000000ebb80000, 0x00000000f8b80000, 0x0000000100000000)
  eden space 201728K, 0% used [0x00000000ebb80000,0x00000000ebb80000,0x00000000f8080000)
  from space 5632K, 37% used [0x00000000f8600000,0x00000000f8815ab0,0x00000000f8b80000)
  to   space 5632K, 0% used [0x00000000f8080000,0x00000000f8080000,0x00000000f8600000)
 ParOldGen       total 42496K, used 5764K [0x00000000c3200000, 0x00000000c5b80000, 0x00000000ebb80000)
  object space 42496K, 13% used [0x00000000c3200000,0x00000000c37a1120,0x00000000c5b80000)
 Metaspace       used 20690K, capacity 21204K, committed 21296K, reserved 1069056K
  class space    used 2491K, capacity 2655K, committed 2688K, reserved 1048576K
Event: 6.728 GC heap after
Heap after GC invocations=11 (full 1):
 PSYoungGen      total 207360K, used 0K [0x00000000ebb80000, 0x00000000f8b80000, 0x0000000100000000)
  eden space 201728K, 0% used [0x00000000ebb80000,0x00000000ebb80000,0x00000000f8080000)
  from space 5632K, 0% used [0x00000000f8600000,0x00000000f8600000,0x00000000f8b80000)
  to   space 5632K, 0% used [0x00000000f8080000,0x00000000f8080000,0x00000000f8600000)
 ParOldGen       total 28672K, used 5724K [0x00000000c3200000, 0x00000000c4e00000, 0x00000000ebb80000)
  object space 28672K, 19% used [0x00000000c3200000,0x00000000c3797160,0x00000000c4e00000)
 Metaspace       used 20690K, capacity 21204K, committed 21296K, reserved 1069056K
  class space    used 2491K, capacity 2655K, committed 2688K, reserved 1048576K
}
Event: 8.212 GC heap before
{Heap before GC invocations=12 (full 1):
 PSYoungGen      total 207360K, used 201728K [0x00000000ebb80000, 0x00000000f8b80000, 0x0000000100000000)
  eden space 201728K, 100% used [0x00000000ebb80000,0x00000000f8080000,0x00000000f8080000)
  from space 5632K, 0% used [0x00000000f8600000,0x00000000f8600000,0x00000000f8b80000)
  to   space 5632K, 0% used [0x00000000f8080000,0x00000000f8080000,0x00000000f8600000)
 ParOldGen       total 28672K, used 5724K [0x00000000c3200000, 0x00000000c4e00000, 0x00000000ebb80000)
  object space 28672K, 19% used [0x00000000c3200000,0x00000000c3797160,0x00000000c4e00000)
 Metaspace       used 25696K, capacity 26336K, committed 26496K, reserved 1073152K
  class space    used 2998K, capacity 3151K, committed 3200K, reserved 1048576K
Event: 8.225 GC heap after
Heap after GC invocations=12 (full 1):
 PSYoungGen      total 207360K, used 5613K [0x00000000ebb80000, 0x00000000fd900000, 0x0000000100000000)
  eden space 201728K, 0% used [0x00000000ebb80000,0x00000000ebb80000,0x00000000f8080000)
  from space 5632K, 99% used [0x00000000f8080000,0x00000000f85fb5b0,0x00000000f8600000)
  to   space 6144K, 0% used [0x00000000fd300000,0x00000000fd300000,0x00000000fd900000)
 ParOldGen       total 28672K, used 6113K [0x00000000c3200000, 0x00000000c4e00000, 0x00000000ebb80000)
  object space 28672K, 21% used [0x00000000c3200000,0x00000000c37f8568,0x00000000c4e00000)
 Metaspace       used 25696K, capacity 26336K, committed 26496K, reserved 1073152K
  class space    used 2998K, capacity 3151K, committed 3200K, reserved 1048576K
}

Deoptimization events (10 events):
Event: 5.629 Thread 0x0000000002e62800 Uncommon trap: reason=unstable_if action=reinterpret pc=0x0000000003637cf0 method=java.net.URL.<init>(Ljava/net/URL;Ljava/lang/String;Ljava/net/URLStreamHandler;)V @ 347
Event: 5.704 Thread 0x0000000019fa8000 Uncommon trap: reason=unstable_if action=reinterpret pc=0x00000000031485f8 method=org.jacoco.agent.rt.internal_290345e.asm.ClassReader.readUTF(II[C)Ljava/lang/String; @ 77
Event: 6.064 Thread 0x0000000002e62800 Uncommon trap: reason=null_assert action=make_not_entrant pc=0x000000000338ba44 method=java.util.zip.ZipEntry.<init>(Ljava/util/zip/ZipEntry;)V @ 70
Event: 6.210 Thread 0x0000000002e62800 Uncommon trap: reason=unstable_if action=reinterpret pc=0x0000000003502f20 method=java.util.HashMap.hash(Ljava/lang/Object;)I @ 1
Event: 6.389 Thread 0x0000000019fa8000 Uncommon trap: reason=unstable_if action=reinterpret pc=0x00000000036601c0 method=org.jacoco.agent.rt.internal_290345e.asm.Item.isEqualTo(Lorg/jacoco/agent/rt/internal_290345e/asm/Item;)Z @ 169
Event: 6.800 Thread 0x0000000002e62800 Uncommon trap: reason=unstable_if action=reinterpret pc=0x0000000003427890 method=org.jacoco.agent.rt.internal_290345e.asm.MethodVisitor.visitIntInsn(II)V @ 4
Event: 6.800 Thread 0x0000000002e62800 Uncommon trap: reason=unstable_if action=reinterpret pc=0x00000000036fdc78 method=org.jacoco.agent.rt.internal_290345e.asm.Item.isEqualTo(Lorg/jacoco/agent/rt/internal_290345e/asm/Item;)Z @ 186
Event: 7.235 Thread 0x0000000002e62800 Uncommon trap: reason=unstable_if action=reinterpret pc=0x00000000033cc574 method=org.jacoco.agent.rt.internal_290345e.asm.Frame.type(Lorg/jacoco/agent/rt/internal_290345e/asm/ClassWriter;Ljava/lang/String;)I @ 194
Event: 7.507 Thread 0x0000000019fa8000 Uncommon trap: reason=unstable_if action=reinterpret pc=0x00000000034ec35c method=org.jacoco.agent.rt.internal_290345e.asm.commons.AnalyzerAdapter.pop(Ljava/lang/String;)V @ 65
Event: 7.507 Thread 0x0000000019fa8000 Uncommon trap: reason=unstable_if action=reinterpret pc=0x0000000003541bc0 method=org.jacoco.agent.rt.internal_290345e.asm.commons.AnalyzerAdapter.pop(Ljava/lang/String;)V @ 65

Classes redefined (0 events):
No events

Internal exceptions (10 events):
Event: 8.014 Thread 0x0000000002e62800 Implicit null exception at 0x00000000031f7130 to 0x00000000031f7936
Event: 8.014 Thread 0x0000000002e62800 Exception <a 'java/lang/NullPointerException'> (0x00000000f54cb5e0) thrown at [C:\re\workspace\8-2-build-windows-amd64-cygwin\jdk8u221\13320\hotspot\src\share\vm\runtime\sharedRuntime.cpp, line 605]
Event: 8.016 Thread 0x0000000002e62800 Implicit null exception at 0x00000000031f7130 to 0x00000000031f7936
Event: 8.016 Thread 0x0000000002e62800 Exception <a 'java/lang/NullPointerException'> (0x00000000f54d07b8) thrown at [C:\re\workspace\8-2-build-windows-amd64-cygwin\jdk8u221\13320\hotspot\src\share\vm\runtime\sharedRuntime.cpp, line 605]
Event: 8.044 Thread 0x0000000002e62800 Implicit null exception at 0x00000000031f7130 to 0x00000000031f7936
Event: 8.044 Thread 0x0000000002e62800 Exception <a 'java/lang/NullPointerException'> (0x00000000f55a5820) thrown at [C:\re\workspace\8-2-build-windows-amd64-cygwin\jdk8u221\13320\hotspot\src\share\vm\runtime\sharedRuntime.cpp, line 605]
Event: 8.047 Thread 0x0000000002e62800 Implicit null exception at 0x00000000031f7130 to 0x00000000031f7936
Event: 8.047 Thread 0x0000000002e62800 Exception <a 'java/lang/NullPointerException'> (0x00000000f55abd50) thrown at [C:\re\workspace\8-2-build-windows-amd64-cygwin\jdk8u221\13320\hotspot\src\share\vm\runtime\sharedRuntime.cpp, line 605]
Event: 8.072 Thread 0x0000000002e62800 Implicit null exception at 0x00000000031f7130 to 0x00000000031f7936
Event: 8.072 Thread 0x0000000002e62800 Exception <a 'java/lang/NullPointerException'> (0x00000000f5c407c0) thrown at [C:\re\workspace\8-2-build-windows-amd64-cygwin\jdk8u221\13320\hotspot\src\share\vm\runtime\sharedRuntime.cpp, line 605]

Events (10 events):
Event: 8.234 loading class com/fasterxml/jackson/databind/ser/std/UUIDSerializer done
Event: 8.246 loading class javax/naming/directory/DirContext
Event: 8.259 loading class com/fasterxml/jackson/databind/ser/std/StdJdkSerializers$AtomicBooleanSerializer
Event: 8.259 loading class com/fasterxml/jackson/databind/ser/std/StdJdkSerializers$AtomicBooleanSerializer done
Event: 8.265 loading class com/fasterxml/jackson/databind/ser/std/StdJdkSerializers$AtomicIntegerSerializer
Event: 8.265 loading class com/fasterxml/jackson/databind/ser/std/StdJdkSerializers$AtomicIntegerSerializer done
Event: 8.265 loading class org/hibernate/Session
Event: 8.265 loading class org/hibernate/Session done
Event: 8.266 loading class com/fasterxml/jackson/databind/ser/std/StdJdkSerializers$AtomicLongSerializer
Event: 8.266 loading class com/fasterxml/jackson/databind/ser/std/StdJdkSerializers$AtomicLongSerializer done


Dynamic libraries:
0x00007ff618920000 - 0x00007ff618957000 	C:\Program Files\Java\jdk1.8.0_221\jre\bin\java.exe
0x00007ffac0dc0000 - 0x00007ffac0fb0000 	C:\WINDOWS\SYSTEM32\ntdll.dll
0x00007ffabefa0000 - 0x00007ffabf052000 	C:\WINDOWS\System32\KERNEL32.DLL
0x00007ffabe6a0000 - 0x00007ffabe943000 	C:\WINDOWS\System32\KERNELBASE.dll
0x00007ffabff40000 - 0x00007ffabffe3000 	C:\WINDOWS\System32\ADVAPI32.dll
0x00007ffabfea0000 - 0x00007ffabff3e000 	C:\WINDOWS\System32\msvcrt.dll
0x00007ffac0380000 - 0x00007ffac0417000 	C:\WINDOWS\System32\sechost.dll
0x00007ffabf060000 - 0x00007ffabf180000 	C:\WINDOWS\System32\RPCRT4.dll
0x00007ffac0b80000 - 0x00007ffac0d14000 	C:\WINDOWS\System32\USER32.dll
0x00007ffabe520000 - 0x00007ffabe541000 	C:\WINDOWS\System32\win32u.dll
0x00007ffabf330000 - 0x00007ffabf356000 	C:\WINDOWS\System32\GDI32.dll
0x00007ffabea50000 - 0x00007ffabebe4000 	C:\WINDOWS\System32\gdi32full.dll
0x00007ffabe550000 - 0x00007ffabe5ee000 	C:\WINDOWS\System32\msvcp_win.dll
0x00007ffabe950000 - 0x00007ffabea4a000 	C:\WINDOWS\System32\ucrtbase.dll
0x00007ffab0800000 - 0x00007ffab0a85000 	C:\WINDOWS\WinSxS\amd64_microsoft.windows.common-controls_6595b64144ccf1df_6.0.18362.476_none_e6c4b11b130f2595\COMCTL32.dll
0x00007ffabf4b0000 - 0x00007ffabf7e6000 	C:\WINDOWS\System32\combase.dll
0x00007ffabebf0000 - 0x00007ffabec70000 	C:\WINDOWS\System32\bcryptPrimitives.dll
0x00007ffabf250000 - 0x00007ffabf27e000 	C:\WINDOWS\System32\IMM32.DLL
0x000000006dee0000 - 0x000000006dfb2000 	C:\Program Files\Java\jdk1.8.0_221\jre\bin\msvcr100.dll
0x000000006d630000 - 0x000000006ded5000 	C:\Program Files\Java\jdk1.8.0_221\jre\bin\server\jvm.dll
0x00007ffabf240000 - 0x00007ffabf248000 	C:\WINDOWS\System32\PSAPI.DLL
0x00007ffabbc40000 - 0x00007ffabbc64000 	C:\WINDOWS\SYSTEM32\WINMM.dll
0x00007ffab6d90000 - 0x00007ffab6d9a000 	C:\WINDOWS\SYSTEM32\VERSION.dll
0x00007ffab4790000 - 0x00007ffab4799000 	C:\WINDOWS\SYSTEM32\WSOCK32.dll
0x00007ffac0420000 - 0x00007ffac048f000 	C:\WINDOWS\System32\WS2_32.dll
0x00007ffabadc0000 - 0x00007ffabaded000 	C:\WINDOWS\SYSTEM32\WINMMBASE.dll
0x00007ffabdd50000 - 0x00007ffabdd9a000 	C:\WINDOWS\System32\cfgmgr32.dll
0x00007ffaba420000 - 0x00007ffaba42f000 	C:\Program Files\Java\jdk1.8.0_221\jre\bin\verify.dll
0x00007ffab4f50000 - 0x00007ffab4f79000 	C:\Program Files\Java\jdk1.8.0_221\jre\bin\java.dll
0x00007ffab4df0000 - 0x00007ffab4e13000 	C:\Program Files\Java\jdk1.8.0_221\jre\bin\instrument.dll
0x00007ffab6be0000 - 0x00007ffab6bf6000 	C:\Program Files\Java\jdk1.8.0_221\jre\bin\zip.dll
0x00007ffac0490000 - 0x00007ffac0b75000 	C:\WINDOWS\System32\SHELL32.dll
0x00007ffabee70000 - 0x00007ffabef19000 	C:\WINDOWS\System32\shcore.dll
0x00007ffabdda0000 - 0x00007ffabe51e000 	C:\WINDOWS\System32\windows.storage.dll
0x00007ffabdca0000 - 0x00007ffabdcbf000 	C:\WINDOWS\System32\profapi.dll
0x00007ffabdcc0000 - 0x00007ffabdd0a000 	C:\WINDOWS\System32\powrprof.dll
0x00007ffabdc90000 - 0x00007ffabdca0000 	C:\WINDOWS\System32\UMPDC.dll
0x00007ffabf1e0000 - 0x00007ffabf232000 	C:\WINDOWS\System32\shlwapi.dll
0x00007ffabdd30000 - 0x00007ffabdd41000 	C:\WINDOWS\System32\kernel.appcore.dll
0x00007ffabe5f0000 - 0x00007ffabe607000 	C:\WINDOWS\System32\cryptsp.dll
0x00007ffaba450000 - 0x00007ffaba46a000 	C:\Program Files\Java\jdk1.8.0_221\jre\bin\net.dll
0x00007ffab34f0000 - 0x00007ffab36c6000 	C:\WINDOWS\SYSTEM32\urlmon.dll
0x00007ffab3e60000 - 0x00007ffab4106000 	C:\WINDOWS\SYSTEM32\iertutil.dll
0x00007ffabd670000 - 0x00007ffabd67c000 	C:\WINDOWS\SYSTEM32\CRYPTBASE.DLL
0x00007ffabd4a0000 - 0x00007ffabd507000 	C:\WINDOWS\system32\mswsock.dll
0x00007ffab5d00000 - 0x00007ffab5d16000 	C:\WINDOWS\system32\napinsp.dll
0x00007ffab5470000 - 0x00007ffab548a000 	C:\WINDOWS\system32\pnrpnsp.dll
0x00007ffaa31e0000 - 0x00007ffaa31f5000 	C:\WINDOWS\system32\wshbth.dll
0x00007ffaba3a0000 - 0x00007ffaba3bc000 	C:\WINDOWS\system32\NLAapi.dll
0x00007ffabd1b0000 - 0x00007ffabd1ea000 	C:\WINDOWS\SYSTEM32\IPHLPAPI.DLL
0x00007ffabd1f0000 - 0x00007ffabd2ba000 	C:\WINDOWS\SYSTEM32\DNSAPI.dll
0x00007ffac01c0000 - 0x00007ffac01c8000 	C:\WINDOWS\System32\NSI.dll
0x00007ffab7340000 - 0x00007ffab734e000 	C:\WINDOWS\System32\winrnr.dll
0x00007ffab6c20000 - 0x00007ffab6c2a000 	C:\Windows\System32\rasadhlp.dll
0x00007ffab7c30000 - 0x00007ffab7ca7000 	C:\WINDOWS\System32\fwpuclnt.dll
0x00007ffabe670000 - 0x00007ffabe696000 	C:\WINDOWS\System32\bcrypt.dll
0x00007ffab53a0000 - 0x00007ffab53b2000 	C:\Program Files\Java\jdk1.8.0_221\jre\bin\nio.dll
0x00007ffab7470000 - 0x00007ffab747d000 	C:\Program Files\Java\jdk1.8.0_221\jre\bin\management.dll

VM Arguments:
jvm_args: -javaagent:C:\\Users\\Coalesce\\.m2\\repository\\org\\jacoco\\org.jacoco.agent\\0.8.0\\org.jacoco.agent-0.8.0-runtime.jar=destfile=C:\\Users\\Coalesce\\SpringBoot\\Copy of bankapplication_rest_51830156\\target\\jacoco.exec 
java_command: C:\Users\Coalesce\AppData\Local\Temp\surefire6090081556571023039\surefirebooter5323374976905698376.jar C:\Users\Coalesce\AppData\Local\Temp\surefire6090081556571023039 2019-11-29T15-23-34_330-jvmRun1 surefire6240340812914027734tmp surefire_05145767682158230879tmp
java_class_path (initial): C:\Users\Coalesce\AppData\Local\Temp\surefire6090081556571023039\surefirebooter5323374976905698376.jar;C:\\Users\\Coalesce\\.m2\\repository\\org\\jacoco\\org.jacoco.agent\\0.8.0\\org.jacoco.agent-0.8.0-runtime.jar
Launcher Type: SUN_STANDARD

Environment Variables:
JAVA_HOME=C:\Program Files\Java\jdk1.8.0_221
PATH=C:\Program Files (x86)\Common Files\Oracle\Java\javapath;C:\WINDOWS\system32;C:\WINDOWS;C:\WINDOWS\System32\Wbem;C:\WINDOWS\System32\WindowsPowerShell\v1.0\;C:\Program Files (x86)\Microsoft SQL Server\Client SDK\ODBC\130\Tools\Binn\;C:\Program Files (x86)\Microsoft SQL Server\140\Tools\Binn\;C:\Program Files (x86)\Microsoft SQL Server\140\DTS\Binn\;C:\Program Files (x86)\Microsoft SQL Server\140\Tools\Binn\ManagementStudio\;C:\Program Files\PuTTY\;C:\Program Files\Git\cmd;C:\Program Files (x86)\MySQL\MySQL Server 5.5\bin;C:\Software\apache-maven-3.3.9-bin\apache-maven-3.3.9\bin;C:\Program Files\Java\jdk1.8.0_221\bin;;C:\WINDOWS\System32\OpenSSH\;C:\Program Files\nodejs\;C:\Users\Coalesce\AppData\Local\Microsoft\WindowsApps;;C:\Users\Coalesce\AppData\Local\Programs\Microsoft VS Code\bin;C:\Users\Coalesce\AppData\Roaming\npm
USERNAME=Coalesce
OS=Windows_NT
PROCESSOR_IDENTIFIER=Intel64 Family 6 Model 37 Stepping 2, GenuineIntel



---------------  S Y S T E M  ---------------

OS: Windows 10.0 , 64 bit Build 18362 (10.0.18362.329)

CPU:total 4 (initial active 4) (2 cores per cpu, 2 threads per core) family 6 model 37 stepping 2, cmov, cx8, fxsr, mmx, sse, sse2, sse3, ssse3, sse4.1, sse4.2, popcnt, ht, tsc, tscinvbit

Memory: 4k page, physical 3986756k(289676k free), swap 8082756k(2788k free)

vm_info: Java HotSpot(TM) 64-Bit Server VM (25.221-b11) for windows-amd64 JRE (1.8.0_221-b11), built on Jul  4 2019 04:39:29 by "java_re" with MS VC++ 10.0 (VS2010)

time: Fri Nov 29 15:23:45 2019
timezone: India Standard Time
elapsed time: 8 seconds (0d 0h 0m 8s)

