JvmtiExport can_access_local_variables 0
JvmtiExport can_hotswap_or_post_breakpoint 0
JvmtiExport can_post_on_exceptions 0
# 540 ciObject found
ciMethod java/lang/Object <init> ()V 4097 1 1274882 0 96
ciMethod java/lang/Object hashCode ()I 6145 1 768 0 -1
ciMethod java/lang/Object equals (Ljava/lang/Object;)Z 2049 1 5703 0 -1
ciMethod java/lang/Object clone ()Ljava/lang/Object; 2049 1 256 0 -1
ciMethod java/lang/String <init> ([CII)V 4097 1 5901 0 704
ciMethod java/lang/String <init> ([BIILjava/lang/String;)V 7513 1 749 0 -1
ciMethod java/lang/String <init> ([CZ)V 4097 1 14081 0 0
ciMethod java/lang/String length ()I 4097 1 159613 0 64
ciMethod java/lang/String charAt (I)C 4097 1 928127 0 -1
ciMethod java/lang/String getChars ([CI)V 2121 1 8791 0 0
ciMethod java/lang/String equals (Ljava/lang/Object;)Z 4097 11169 4295 0 -1
ciMethod java/lang/String equalsIgnoreCase (Ljava/lang/String;)Z 4017 1 13885 0 0
ciMethod java/lang/String regionMatches (ZILjava/lang/String;II)Z 4097 5553 17219 0 0
ciMethod java/lang/String startsWith (Ljava/lang/String;)Z 4097 1 85015 0 -1
ciMethod java/lang/String endsWith (Ljava/lang/String;)Z 4097 1 36078 0 -1
ciMethod java/lang/String hashCode ()I 2793 32769 3101 0 288
ciMethod java/lang/String indexOf (I)I 4097 1 48095 0 -1
ciMethod java/lang/String indexOf (II)I 2049 47873 3114 0 -1
ciMethod java/lang/String indexOfSupplementary (II)I 0 0 1 0 -1
ciMethod java/lang/String lastIndexOf (I)I 4097 1 21985 0 0
ciMethod java/lang/String lastIndexOf (II)I 1697 155649 1028 0 288
ciMethod java/lang/String lastIndexOfSupplementary (II)I 0 0 1 0 -1
ciMethod java/lang/String substring (II)Ljava/lang/String; 4097 1 6046 0 960
ciMethod java/lang/String concat (Ljava/lang/String;)Ljava/lang/String; 2121 1 8789 0 0
ciMethod java/lang/String replace (CC)Ljava/lang/String; 21009 974753 3252 0 1056
ciMethod java/lang/String toUpperCase (Ljava/util/Locale;)Ljava/lang/String; 505 15985 1188 0 -1
ciMethod java/lang/ClassLoader preDefineClass (Ljava/lang/String;Ljava/security/ProtectionDomain;)Ljava/security/ProtectionDomain; 3081 1 2600 0 -1
ciMethod java/lang/ClassLoader defineClassSourceLocation (Ljava/security/ProtectionDomain;)Ljava/lang/String; 3593 1 2590 0 -1
ciMethod java/lang/ClassLoader postDefineClass (Ljava/lang/Class;Ljava/security/ProtectionDomain;)V 3073 1 2600 0 -1
ciMethod java/lang/ClassLoader defineClass (Ljava/lang/String;[BIILjava/security/ProtectionDomain;)Ljava/lang/Class; 2561 1 2596 0 -1
ciMethod java/lang/ClassLoader defineClass1 (Ljava/lang/String;[BIILjava/security/ProtectionDomain;Ljava/lang/String;)Ljava/lang/Class; 4105 1 513 0 -1
ciMethod java/lang/ClassLoader checkName (Ljava/lang/String;)Z 3825 1 12430 0 -1
ciMethod java/lang/ClassLoader checkCerts (Ljava/lang/String;Ljava/security/CodeSource;)V 22561 1 2596 0 -1
ciMethod java/lang/ClassLoader definePackage (Ljava/lang/String;Ljava/lang/String;Ljava/lang/String;Ljava/lang/String;Ljava/lang/String;Ljava/lang/String;Ljava/lang/String;Ljava/net/URL;)Ljava/lang/Package; 1393 1 348 0 0
ciMethod java/lang/ClassLoader getPackage (Ljava/lang/String;)Ljava/lang/Package; 2049 1 3623 0 0
ciMethod java/lang/System nanoTime ()J 7169 1 896 0 -1
ciMethod java/lang/System arraycopy (Ljava/lang/Object;ILjava/lang/Object;II)V 209921 1 26240 0 -1
ciMethod java/lang/Throwable printStackTrace ()V 0 0 1 0 -1
ciMethod java/security/ProtectionDomain <init> (Ljava/security/CodeSource;Ljava/security/PermissionCollection;Ljava/lang/ClassLoader;[Ljava/security/Principal;)V 185 1 77 0 -1
ciMethod java/security/ProtectionDomain getCodeSource ()Ljava/security/CodeSource; 2105 1 263 0 -1
ciMethod java/security/SecureClassLoader defineClass (Ljava/lang/String;[BIILjava/security/CodeSource;)Ljava/lang/Class; 2561 1 2593 0 0
ciMethod java/security/SecureClassLoader defineClass (Ljava/lang/String;Ljava/nio/ByteBuffer;Ljava/security/CodeSource;)Ljava/lang/Class; 0 0 1 0 -1
ciMethod java/security/SecureClassLoader getPermissions (Ljava/security/CodeSource;)Ljava/security/PermissionCollection; 489 1 54 0 -1
ciMethod java/security/SecureClassLoader getProtectionDomain (Ljava/security/CodeSource;)Ljava/security/ProtectionDomain; 2561 1 2596 0 -1
ciMethod java/lang/NoClassDefFoundError <init> (Ljava/lang/String;)V 0 0 1 0 -1
ciMethod java/lang/ref/Reference get ()Ljava/lang/Object; 3297 1 412 0 -1
ciMethod java/lang/ref/Reference <init> (Ljava/lang/Object;)V 1361 1 3367 0 0
ciMethod java/lang/ref/Reference <init> (Ljava/lang/Object;Ljava/lang/ref/ReferenceQueue;)V 4097 1 13087 0 0
ciMethod java/lang/ref/SoftReference <init> (Ljava/lang/Object;)V 1281 1 889 0 0
ciMethod java/lang/ref/SoftReference get ()Ljava/lang/Object; 2049 1 6187 0 0
ciMethod java/lang/Thread currentThread ()Ljava/lang/Thread; 3073 1 384 0 -1
ciMethod java/lang/Thread interrupt ()V 0 0 1 0 0
ciMethod java/lang/Thread interrupted ()Z 2049 1 2605 0 0
ciMethod java/lang/Thread isInterrupted (Z)Z 2049 1 256 0 -1
ciMethod java/lang/Thread checkAccess ()V 193 1 24 0 -1
ciMethod java/lang/Thread holdsLock (Ljava/lang/Object;)Z 0 0 1 0 -1
ciMethod java/lang/Thread interrupt0 ()V 0 0 1 0 -1
ciMethod java/util/Map get (Ljava/lang/Object;)Ljava/lang/Object; 0 0 1 0 -1
ciMethod java/util/Map put (Ljava/lang/Object;Ljava/lang/Object;)Ljava/lang/Object; 0 0 1 0 -1
ciMethod java/util/Map remove (Ljava/lang/Object;)Ljava/lang/Object; 0 0 1 0 -1
ciMethod java/util/Hashtable get (Ljava/lang/Object;)Ljava/lang/Object; 4017 1033 1978 0 -1
ciMethod java/lang/StringBuilder <init> ()V 4097 1 76848 0 -1
ciMethod java/lang/StringBuilder append (Ljava/lang/Object;)Ljava/lang/StringBuilder; 13705 1 2013 0 -1
ciMethod java/lang/StringBuilder append (Ljava/lang/String;)Ljava/lang/StringBuilder; 4097 1 52193 0 -1
ciMethod java/lang/StringBuilder append (I)Ljava/lang/StringBuilder; 4041 1 821 0 -1
ciMethod java/lang/StringBuilder append (F)Ljava/lang/StringBuilder; 0 0 1 0 -1
ciMethod java/lang/StringBuilder toString ()Ljava/lang/String; 4097 1 76901 0 -1
ciMethod sun/misc/Unsafe ensureClassInitialized (Ljava/lang/Class;)V 1977 1 232 0 -1
ciMethod java/io/ByteArrayInputStream <init> ([B)V 41 1 5 0 -1
ciMethod java/io/InputStream read ([BII)I 0 0 1 0 -1
ciMethod java/io/InputStream close ()V 25 1 3 0 -1
ciMethod java/io/File length ()J 97 1 2 0 -1
ciMethod java/net/URLClassLoader getAndVerifyPackage (Ljava/lang/String;Ljava/util/jar/Manifest;Ljava/net/URL;)Ljava/lang/Package; 2049 1 2586 0 0
ciMethod java/net/URLClassLoader definePackageInternal (Ljava/lang/String;Ljava/util/jar/Manifest;Ljava/net/URL;)V 2049 1 2586 0 0
ciMethod java/net/URLClassLoader defineClass (Ljava/lang/String;Lsun/misc/Resource;)Ljava/lang/Class; 1537 1 2587 0 0
ciMethod java/net/URLClassLoader definePackage (Ljava/lang/String;Ljava/util/jar/Manifest;Ljava/net/URL;)Ljava/lang/Package; 1353 1 347 0 0
ciMethod java/net/URLClassLoader isSealed (Ljava/lang/String;Ljava/util/jar/Manifest;)Z 1729 1 2244 0 0
ciMethod java/net/URLClassLoader access$000 (Ljava/net/URLClassLoader;)Lsun/misc/URLClassPath; 1081 1 135 0 0
ciMethod java/net/URLClassLoader access$100 (Ljava/net/URLClassLoader;Ljava/lang/String;Lsun/misc/Resource;)Ljava/lang/Class; 1537 1 2589 0 0
ciMethod java/net/URL getRef ()Ljava/lang/String; 8297 1 1037 0 -1
ciMethod java/net/URL equals (Ljava/lang/Object;)Z 1977 1 2548 0 -1
ciMethod java/util/jar/Manifest <init> (Ljava/io/InputStream;)V 65 1 52 0 0
ciMethod java/util/jar/Manifest <init> (Ljava/util/jar/JarVerifier;Ljava/io/InputStream;)V 89 1 55 0 0
ciMethod java/util/jar/Manifest getMainAttributes ()Ljava/util/jar/Attributes; 1057 1 132 0 0
ciMethod java/util/jar/Manifest getEntries ()Ljava/util/Map; 1033 1 129 0 0
ciMethod java/util/jar/Manifest getAttributes (Ljava/lang/String;)Ljava/util/jar/Attributes; 3073 1 2586 0 0
ciMethod java/util/jar/Manifest getTrustedAttributes (Ljava/lang/String;)Ljava/util/jar/Attributes; 2057 1 2585 0 0
ciMethod java/util/jar/Manifest read (Ljava/io/InputStream;)V 497 89 55 0 -1
ciMethod java/util/jar/Manifest parseName ([BI)Ljava/lang/String; 89 1 1 0 -1
ciMethod java/security/CodeSource <init> (Ljava/net/URL;[Ljava/security/CodeSigner;)V 2561 1 2588 0 0
ciMethod java/lang/Character toLowerCase (C)C 4097 1 26165 0 0
ciMethod java/lang/Character toLowerCase (I)I 4097 1 44552 0 160
ciMethod java/lang/Character toUpperCase (C)C 4097 1 23409 0 0
ciMethod java/lang/Character toUpperCase (I)I 4097 1 23410 0 0
ciMethod java/lang/Float isNaN (F)Z 2049 1 531 0 -1
ciMethod java/lang/NullPointerException <init> ()V 0 0 112 0 -1
ciMethod java/lang/NullPointerException <init> (Ljava/lang/String;)V 0 0 1 0 -1
ciMethod java/util/Comparator compare (Ljava/lang/Object;Ljava/lang/Object;)I 0 0 1 0 -1
ciMethod java/security/AccessController doPrivileged (Ljava/security/PrivilegedAction;)Ljava/lang/Object; 3073 1 384 0 -1
ciMethod java/util/ArrayList size ()I 70225 1 8778 0 -1
ciMethod java/util/AbstractMap <init> ()V 2985 1 77846 0 32
ciMethod sun/misc/SharedSecrets javaUtilJarAccess ()Lsun/misc/JavaUtilJarAccess; 4097 1 5279 0 0
ciMethod java/util/HashMap hash (Ljava/lang/Object;)I 4097 1 75517 0 0
ciMethod java/util/HashMap tableSizeFor (I)I 35297 1 2393 0 -1
ciMethod java/util/HashMap <init> (IF)V 33321 1 2279 0 -1
ciMethod java/util/HashMap <init> (I)V 5857 1 668 0 0
ciMethod java/util/HashMap <init> ()V 1433 1 77078 0 32
ciMethod java/util/HashMap get (Ljava/lang/Object;)Ljava/lang/Object; 4097 1 24434 0 672
ciMethod java/util/HashMap getNode (ILjava/lang/Object;)Ljava/util/HashMap$Node; 4097 201 31304 0 544
ciMethod java/util/HashMap put (Ljava/lang/Object;Ljava/lang/Object;)Ljava/lang/Object; 3297 1 28195 0 -1
ciMethod sun/misc/VM allowArraySyntax ()Z 4097 1 12429 0 -1
ciMethod java/lang/Math max (II)I 4097 1 242968 0 -1
ciMethod java/lang/Math min (II)I 4097 1 81500 0 -1
ciMethod java/io/FileInputStream <init> (Ljava/io/File;)V 273 1 24 2 -1
ciMethod java/util/Arrays copyOf ([BI)[B 16945 1 15130 0 0
ciMethod java/util/Arrays copyOf ([CI)[C 4097 1 25947 0 0
ciMethod java/util/Arrays copyOfRange ([CII)[C 4097 1 5788 0 480
ciMethod java/io/PrintStream println (Ljava/lang/String;)V 0 0 1 0 -1
ciMethodData java/lang/Object <init> ()V 2 1274882 orig 264 104 147 193 109 0 0 0 0 128 4 40 20 0 0 0 0 32 1 0 0 0 0 0 0 0 0 0 0 0 0 0 0 0 0 0 0 0 0 0 0 0 0 0 0 0 0 0 0 0 0 0 0 0 0 0 0 0 0 0 0 0 0 0 0 0 0 0 0 0 0 0 0 0 0 0 0 0 0 0 0 77 68 79 32 101 120 116 114 97 32 100 97 116 97 32 108 111 99 107 0 0 0 0 0 0 0 0 0 0 0 0 0 0 0 0 0 0 0 0 0 0 0 0 0 0 0 0 0 0 0 0 0 0 0 0 0 0 0 0 0 0 0 0 0 0 0 0 0 0 0 0 0 0 0 0 0 0 0 0 0 0 0 0 0 0 0 0 0 0 0 0 0 0 0 0 0 0 0 0 0 0 0 0 0 1 0 0 0 0 0 0 0 1 0 0 0 0 0 0 0 1 0 0 0 0 0 0 0 0 0 0 0 0 0 0 0 0 2 0 0 17 144 155 0 1 0 0 0 0 0 0 0 0 0 0 0 2 0 0 0 0 0 0 0 0 0 0 0 0 0 0 0 255 255 255 255 0 0 0 0 0 0 0 0 data 0 oops 0
ciMethod java/lang/IllegalArgumentException <init> (Ljava/lang/String;)V 0 0 1 0 -1
ciMethod sun/security/util/Debug println (Ljava/lang/String;)V 0 0 1 0 -1
ciMethodData java/lang/String charAt (I)C 2 928455 orig 264 104 147 193 109 0 0 0 0 104 61 40 20 0 0 0 0 120 1 0 0 32 0 0 0 0 0 0 0 0 0 0 0 0 0 0 0 0 0 0 0 0 0 0 0 0 0 0 0 0 0 0 0 0 0 0 0 0 0 0 0 0 0 0 0 0 0 0 0 0 0 0 0 0 0 0 0 0 0 0 0 77 68 79 32 101 120 116 114 97 32 100 97 116 97 32 108 111 99 107 0 0 0 0 0 0 0 0 0 0 0 0 0 0 0 0 0 0 0 0 0 0 0 0 0 0 0 0 0 0 0 0 0 0 0 0 0 0 0 0 0 0 0 0 0 0 0 0 0 0 0 0 0 0 0 0 0 0 0 0 0 0 0 0 0 0 0 0 0 0 0 0 0 0 0 0 0 0 0 0 0 0 0 0 0 25 0 0 0 0 0 0 0 0 0 0 0 0 0 0 0 1 0 0 0 0 0 0 0 0 0 0 0 0 0 0 0 0 2 0 0 57 70 113 0 1 0 0 0 0 0 0 0 0 0 0 0 2 0 0 0 0 0 0 0 0 0 0 0 80 0 0 0 255 255 255 255 7 0 1 0 0 0 0 0 data 10 0x10007 0x0 0x40 0xe28b7 0xa0007 0xe28ba 0x30 0x0 0x120002 0x0 oops 0
ciMethod java/lang/CharacterData toLowerCase (I)I 0 0 1 0 -1
ciMethod java/lang/CharacterData toUpperCase (I)I 0 0 1 0 -1
ciMethod java/lang/CharacterData of (I)Ljava/lang/CharacterData; 4097 1 24766 0 96
ciMethod java/lang/CharacterDataLatin1 getProperties (I)I 4097 1 84187 0 -1
ciMethod java/lang/CharacterDataLatin1 toLowerCase (I)I 4097 1 21381 0 160
ciMethod java/lang/CharacterDataLatin1 toUpperCase (I)I 4097 1 22259 0 160
ciMethod java/util/HashMap$TreeNode getTreeNode (ILjava/lang/Object;)Ljava/util/HashMap$TreeNode; 0 0 1 0 -1
ciMethodData java/lang/Character toLowerCase (I)I 2 44552 orig 264 104 147 193 109 0 0 0 0 80 186 49 20 0 0 0 0 136 1 0 0 0 0 0 0 0 0 0 0 0 0 0 0 0 0 0 0 0 0 0 0 0 0 0 0 0 0 0 0 0 0 0 0 0 0 0 0 0 0 0 0 0 0 0 0 0 0 0 0 0 0 0 0 0 0 0 0 0 0 0 0 77 68 79 32 101 120 116 114 97 32 100 97 116 97 32 108 111 99 107 0 0 0 0 0 0 0 0 0 0 0 0 0 0 0 0 0 0 0 0 0 0 0 0 0 0 0 0 0 0 0 0 0 0 0 0 0 0 0 0 0 0 0 0 0 0 0 0 0 0 0 0 0 0 0 0 0 0 0 0 0 0 0 0 0 0 0 0 0 0 0 0 0 0 0 0 0 0 0 0 0 0 0 0 0 0 0 0 0 0 0 0 0 0 0 0 0 0 0 0 0 0 0 0 0 0 0 0 0 0 0 0 0 0 0 0 0 0 2 0 0 65 96 5 0 1 0 0 0 0 0 0 0 0 0 0 0 2 0 0 0 0 0 0 0 0 0 0 0 64 0 0 0 255 255 255 255 2 0 1 0 0 0 0 0 data 8 0x10002 0xac0b 0x50005 0x0 0x19c7bda0 0xac18 0x0 0x0 oops 1